<?xml version="1.0" encoding="UTF-8"?>
<!-- Generated by org.testng.reporters.JUnitReportReporter -->
<testsuite skipped="0" hostname="Lenovo" name="zoom.demo2" tests="1" failures="0" timestamp="2021-01-19T15:38:48 IST" time="67.035" errors="0">
  <testcase name="m" time="67.035" classname="zoom.demo2"/>
  <system-out/>
</testsuite> <!-- zoom.demo2 -->
