<?xml version="1.0" encoding="UTF-8"?>
<!-- Generated by org.testng.reporters.JUnitReportReporter -->
<testsuite skipped="0" hostname="Yogesh-PC" name="simple.demo11" tests="1" failures="0" timestamp="6 Feb 2021 05:34:13 GMT" time="0.051" errors="0">
  <testcase name="m" time="0.051" classname="simple.demo11"/>
</testsuite> <!-- simple.demo11 -->
