<?xml version="1.0" encoding="UTF-8"?>
<!-- Generated by org.testng.reporters.JUnitReportReporter -->
<testsuite skipped="0" hostname="Lenovo" name="iframe.NumberOfIframes" tests="2" failures="0" timestamp="2021-01-07T14:19:36 IST" time="50.188" errors="0">
  <testcase name="m1" time="21.457" classname="iframe.NumberOfIframes"/>
  <system-out/>
  <testcase name="m" time="28.731" classname="iframe.NumberOfIframes"/>
  <system-out/>
</testsuite> <!-- iframe.NumberOfIframes -->
