<?xml version="1.0" encoding="UTF-8"?>
<!-- Generated by org.testng.reporters.JUnitReportReporter -->
<testsuite skipped="0" hostname="Lenovo" name="screenshot.demo1" tests="3" failures="0" timestamp="2021-01-18T00:02:44 IST" time="57.462" errors="0">
  <testcase name="m1" time="14.165" classname="screenshot.demo1"/>
  <system-out/>
  <testcase name="m2" time="18.323" classname="screenshot.demo1"/>
  <system-out/>
  <testcase name="m" time="24.974" classname="screenshot.demo1"/>
  <system-out/>
</testsuite> <!-- screenshot.demo1 -->
